{
  service: 'user-service',
  errno: undefined,
  code: 'ECONNREFUSED',
  syscall: 'querySrv',
  hostname: '_mongodb._tcp.cluster0.9mv6kq4.mongodb.net',
  level: 'error',
  message: 'failed to connect querySrv ECONNREFUSED _mongodb._tcp.cluster0.9mv6kq4.mongodb.net',
  stack: 'Error: querySrv ECONNREFUSED _mongodb._tcp.cluster0.9mv6kq4.mongodb.net\n' +
    '    at QueryReqWrap.onresolve [as oncomplete] (node:internal/dns/promises:251:17)',
  label: 'DCH',
  timestamp: '2023-06-16T12:31:30.163Z'
}
{
  service: 'user-service',
  errno: undefined,
  code: 'ETIMEOUT',
  syscall: 'querySrv',
  hostname: '_mongodb._tcp.cluster0.9mv6kq4.mongodb.net',
  level: 'error',
  message: 'failed to connect querySrv ETIMEOUT _mongodb._tcp.cluster0.9mv6kq4.mongodb.net',
  stack: 'Error: querySrv ETIMEOUT _mongodb._tcp.cluster0.9mv6kq4.mongodb.net\n' +
    '    at QueryReqWrap.onresolve [as oncomplete] (node:internal/dns/promises:251:17)',
  label: 'DCH',
  timestamp: '2023-06-16T12:41:33.300Z'
}
