{
  service: 'user-service',
  level: 'error',
  message: 'failed to connect The `uri` parameter to `openUri()` must be a string, got "undefined". Make sure the first parameter to `mongoose.connect()` or `mongoose.createConnection()` is a string.',
  stack: 'MongooseError: The `uri` parameter to `openUri()` must be a string, got "undefined". Make sure the first parameter to `mongoose.connect()` or `mongoose.createConnection()` is a string.\n' +
    '    at _createMongoClient (C:\\project\\level-2\\Digital-Cow-Hut-Backend\\node_modules\\mongoose\\lib\\connection.js:805:11)\n' +
    '    at NativeConnection.openUri (C:\\project\\level-2\\Digital-Cow-Hut-Backend\\node_modules\\mongoose\\lib\\connection.js:742:29)\n' +
    '    at Mongoose.connect (C:\\project\\level-2\\Digital-Cow-Hut-Backend\\node_modules\\mongoose\\lib\\index.js:406:15)\n' +
    '    at C:\\project\\level-2\\Digital-Cow-Hut-Backend\\src\\server.ts:15:20\n' +
    '    at Generator.next (<anonymous>)\n' +
    '    at C:\\project\\level-2\\Digital-Cow-Hut-Backend\\src\\server.ts:8:71\n' +
    '    at new Promise (<anonymous>)\n' +
    '    at __awaiter (C:\\project\\level-2\\Digital-Cow-Hut-Backend\\src\\server.ts:4:12)\n' +
    '    at bootstrap (C:\\project\\level-2\\Digital-Cow-Hut-Backend\\src\\server.ts:25:12)\n' +
    '    at Object.<anonymous> (C:\\project\\level-2\\Digital-Cow-Hut-Backend\\src\\server.ts:35:1)',
  label: 'UMS',
  timestamp: '2023-06-15T17:35:21.509Z'
}
{
  code: 'EADDRINUSE',
  errno: -4091,
  syscall: 'listen',
  address: '::',
  port: 5000,
  level: 'error',
  service: 'user-service',
  label: 'UMS',
  timestamp: '2023-06-15T17:37:22.004Z'
}
{
  code: 'EADDRINUSE',
  errno: -4091,
  syscall: 'listen',
  address: '::',
  port: 5000,
  level: 'error',
  service: 'user-service',
  label: 'UMS',
  timestamp: '2023-06-15T17:37:54.455Z'
}
